<?xml version="1.0" encoding="UTF-8"?>
<!-- Generated by org.testng.reporters.JUnitXMLReporter -->
<testsuite hostname="DESKTOP-6SESIFH" ignored="0" name="Testing on Chrome Browser" tests="1" failures="0" timestamp="2021-02-25T22:17:34 IST" time="0.086" errors="0">
  <testcase name="@BeforeMethod invokeBrowser" time="-1.614271654215E9" classname="selenium.Gadget_Automation">
    <failure type="org.testng.TestNGException" message="
Parameter &amp;apos;browser&amp;apos; is required by BeforeMethod on method invokeBrowser but has not been marked @Optional or defined
in C:\Users\himan\eclipse-workspace\New folder\FirstSeleniumProject\testng.xml">
      <![CDATA[org.testng.TestNGException: 
Parameter 'browser' is required by BeforeMethod on method invokeBrowser but has not been marked @Optional or defined
in C:\Users\himan\eclipse-workspace\New folder\FirstSeleniumProject\testng.xml
at java.util.ArrayList.forEach(Unknown Source)
... Removed 28 stack frames]]>
    </failure>
  </testcase> <!-- @BeforeMethod invokeBrowser -->
  <testcase name="@AfterMethod closeBrowser" time="-1.614271654247E9" classname="selenium.Gadget_Automation">
    <skipped/>
  </testcase> <!-- @AfterMethod closeBrowser -->
  <testcase name="GadgetAutomation" time="0.0" classname="selenium.Gadget_Automation">
    <skipped/>
  </testcase> <!-- GadgetAutomation -->
</testsuite> <!-- Testing on Chrome Browser -->
